2025-01-29 00:32:56,249 [Worker-7: Loading available Gradle versions] INFO  o.e.b.c.i.u.g.PublishedGradleVersions - Gradle version information cache is up-to-date. Trying to read.
2025-01-29 21:53:36,857 [Worker-7: Loading available Gradle versions] INFO  o.e.b.c.i.u.g.PublishedGradleVersions - Gradle version information cache is up-to-date. Trying to read.
2025-01-29 23:27:28,034 [Worker-2: Loading available Gradle versions] INFO  o.e.b.c.i.u.g.PublishedGradleVersions - Gradle version information cache is up-to-date. Trying to read.
2025-01-29 23:51:49,321 [Worker-4: Loading available Gradle versions] INFO  o.e.b.c.i.u.g.PublishedGradleVersions - Gradle version information cache is up-to-date. Trying to read.
2025-01-31 00:08:34,189 [Worker-2: Loading available Gradle versions] INFO  o.e.b.c.i.u.g.PublishedGradleVersions - Gradle version information cache is out-of-date. Trying to update.
2025-01-31 00:28:51,872 [Worker-29: Enabling Maven Dependency Management] ERROR o.e.m.c.i.URLConnectionCaches - Unexpected URLConnection defaultUseCaches enabled
2025-01-31 00:28:57,580 [Worker-29: Enabling Maven Dependency Management] INFO  o.e.m.c.i.l.LifecycleMappingFactory - Using org.eclipse.m2e.jdt.JarLifecycleMapping lifecycle mapping for MavenProject: 2944-java-screenmatch-consumindo-webservice-main:2944-java-screenmatch-consumindo-webservice-main:0.0.1-SNAPSHOT @ J:\Projetos\Java-consumindo-API-gravando-arquivos-e-lidando-com-erros\2944-java-screenmatch-consumindo-webservice-main\pom.xml.
2025-01-31 00:28:59,399 [Worker-29: Enabling Maven Dependency Management] ERROR o.e.m.c.i.URLConnectionCaches - Unexpected URLConnection defaultUseCaches enabled
2025-01-31 00:28:59,881 [Worker-29: Enabling Maven Dependency Management] INFO  o.e.m.j.i.AbstractJavaProjectConfigurator - Adding source folder /2944-java-screenmatch-consumindo-webservice-main/src
2025-01-31 00:28:59,883 [Worker-29: Enabling Maven Dependency Management] INFO  o.e.m.j.i.AbstractJavaProjectConfigurator - Resources folder /2944-java-screenmatch-consumindo-webservice-main/src/main/resources overlaps with sources folder /2944-java-screenmatch-consumindo-webservice-main/src
2025-01-31 00:28:59,884 [Worker-29: Enabling Maven Dependency Management] INFO  o.e.m.j.i.AbstractJavaProjectConfigurator - Not adding source folder /2944-java-screenmatch-consumindo-webservice-main/src/test/java because it overlaps with /2944-java-screenmatch-consumindo-webservice-main/src
2025-01-31 00:28:59,885 [Worker-29: Enabling Maven Dependency Management] INFO  o.e.m.j.i.AbstractJavaProjectConfigurator - Resources folder /2944-java-screenmatch-consumindo-webservice-main/src/test/resources overlaps with sources folder /2944-java-screenmatch-consumindo-webservice-main/src
2025-01-31 00:29:00,115 [Worker-29: Enabling Maven Dependency Management] INFO  o.e.m.c.i.p.ProjectConfigurationManager - Update started
2025-01-31 00:29:00,115 [Worker-29: Enabling Maven Dependency Management] ERROR o.e.m.c.i.URLConnectionCaches - Unexpected URLConnection defaultUseCaches enabled
2025-01-31 00:29:00,551 [Worker-29: Enabling Maven Dependency Management] INFO  o.e.m.c.i.l.LifecycleMappingFactory - Using org.eclipse.m2e.jdt.JarLifecycleMapping lifecycle mapping for MavenProject: 2944-java-screenmatch-consumindo-webservice-main:2944-java-screenmatch-consumindo-webservice-main:0.0.1-SNAPSHOT @ J:\Projetos\Java-consumindo-API-gravando-arquivos-e-lidando-com-erros\2944-java-screenmatch-consumindo-webservice-main\pom.xml.
2025-01-31 00:29:00,590 [Worker-29: Enabling Maven Dependency Management] ERROR o.e.m.c.i.URLConnectionCaches - Unexpected URLConnection defaultUseCaches enabled
2025-01-31 00:29:00,699 [Worker-29: Enabling Maven Dependency Management] INFO  o.e.m.j.i.AbstractJavaProjectConfigurator - Adding source folder /2944-java-screenmatch-consumindo-webservice-main/src
2025-01-31 00:29:00,700 [Worker-29: Enabling Maven Dependency Management] INFO  o.e.m.j.i.AbstractJavaProjectConfigurator - Resources folder /2944-java-screenmatch-consumindo-webservice-main/src/main/resources overlaps with sources folder /2944-java-screenmatch-consumindo-webservice-main/src
2025-01-31 00:29:00,700 [Worker-29: Enabling Maven Dependency Management] INFO  o.e.m.j.i.AbstractJavaProjectConfigurator - Not adding source folder /2944-java-screenmatch-consumindo-webservice-main/src/test/java because it overlaps with /2944-java-screenmatch-consumindo-webservice-main/src
2025-01-31 00:29:00,701 [Worker-29: Enabling Maven Dependency Management] INFO  o.e.m.j.i.AbstractJavaProjectConfigurator - Resources folder /2944-java-screenmatch-consumindo-webservice-main/src/test/resources overlaps with sources folder /2944-java-screenmatch-consumindo-webservice-main/src
2025-01-31 00:29:00,772 [Worker-29: Enabling Maven Dependency Management] INFO  o.e.m.c.i.p.ProjectConfigurationManager - Update completed for 1 poms: local refresh takes 0,00 sec, refresh facades takes 0,00 sec, update config takes 0,00 sec 
2025-01-31 00:32:56,242 [Worker-28: Launching Executing verify in J__Projetos_Java-consumindo-API-gravando-arquivos-e-lidando-com-erros_2944-java-screenmatch-consumindo-webservice-main] INFO  o.eclipse.m2e.core.internal.Bundles - getClasspathEntries(Bundle=org.eclipse.m2e.maven.runtime_3.9.700.20240602-2313 [644])
2025-01-31 00:32:56,243 [Worker-28: Launching Executing verify in J__Projetos_Java-consumindo-API-gravando-arquivos-e-lidando-com-erros_2944-java-screenmatch-consumindo-webservice-main] INFO  o.eclipse.m2e.core.internal.Bundles - 	Entry: C:\Users\carlo\.p2\pool\plugins\org.eclipse.m2e.maven.runtime_3.9.700.20240602-2313
2025-01-31 00:32:56,244 [Worker-28: Launching Executing verify in J__Projetos_Java-consumindo-API-gravando-arquivos-e-lidando-com-erros_2944-java-screenmatch-consumindo-webservice-main] INFO  o.eclipse.m2e.core.internal.Bundles - 	Entry: C:\Users\carlo\.p2\pool\plugins\org.eclipse.m2e.maven.runtime_3.9.700.20240602-2313\jars\aopalliance-1.0.jar
2025-01-31 00:32:56,244 [Worker-28: Launching Executing verify in J__Projetos_Java-consumindo-API-gravando-arquivos-e-lidando-com-erros_2944-java-screenmatch-consumindo-webservice-main] INFO  o.eclipse.m2e.core.internal.Bundles - 	Entry: C:\Users\carlo\.p2\pool\plugins\org.eclipse.m2e.maven.runtime_3.9.700.20240602-2313\jars\guice-5.1.0.jar
2025-01-31 00:32:56,244 [Worker-28: Launching Executing verify in J__Projetos_Java-consumindo-API-gravando-arquivos-e-lidando-com-erros_2944-java-screenmatch-consumindo-webservice-main] INFO  o.eclipse.m2e.core.internal.Bundles - 	Entry: C:\Users\carlo\.p2\pool\plugins\org.eclipse.m2e.maven.runtime_3.9.700.20240602-2313\jars\httpclient-4.5.14.jar
2025-01-31 00:32:56,244 [Worker-28: Launching Executing verify in J__Projetos_Java-consumindo-API-gravando-arquivos-e-lidando-com-erros_2944-java-screenmatch-consumindo-webservice-main] INFO  o.eclipse.m2e.core.internal.Bundles - 	Entry: C:\Users\carlo\.p2\pool\plugins\org.eclipse.m2e.maven.runtime_3.9.700.20240602-2313\jars\httpcore-4.4.16.jar
2025-01-31 00:32:56,244 [Worker-28: Launching Executing verify in J__Projetos_Java-consumindo-API-gravando-arquivos-e-lidando-com-erros_2944-java-screenmatch-consumindo-webservice-main] INFO  o.eclipse.m2e.core.internal.Bundles - 	Entry: C:\Users\carlo\.p2\pool\plugins\org.eclipse.m2e.maven.runtime_3.9.700.20240602-2313\jars\jansi-2.4.1.jar
2025-01-31 00:32:56,244 [Worker-28: Launching Executing verify in J__Projetos_Java-consumindo-API-gravando-arquivos-e-lidando-com-erros_2944-java-screenmatch-consumindo-webservice-main] INFO  o.eclipse.m2e.core.internal.Bundles - 	Entry: C:\Users\carlo\.p2\pool\plugins\org.eclipse.m2e.maven.runtime_3.9.700.20240602-2313\jars\jcl-over-slf4j-1.7.36.jar
2025-01-31 00:32:56,244 [Worker-28: Launching Executing verify in J__Projetos_Java-consumindo-API-gravando-arquivos-e-lidando-com-erros_2944-java-screenmatch-consumindo-webservice-main] INFO  o.eclipse.m2e.core.internal.Bundles - 	Entry: C:\Users\carlo\.p2\pool\plugins\org.eclipse.m2e.maven.runtime_3.9.700.20240602-2313\jars\maven-artifact-3.9.7.jar
2025-01-31 00:32:56,245 [Worker-28: Launching Executing verify in J__Projetos_Java-consumindo-API-gravando-arquivos-e-lidando-com-erros_2944-java-screenmatch-consumindo-webservice-main] INFO  o.eclipse.m2e.core.internal.Bundles - 	Entry: C:\Users\carlo\.p2\pool\plugins\org.eclipse.m2e.maven.runtime_3.9.700.20240602-2313\jars\maven-builder-support-3.9.7.jar
2025-01-31 00:32:56,245 [Worker-28: Launching Executing verify in J__Projetos_Java-consumindo-API-gravando-arquivos-e-lidando-com-erros_2944-java-screenmatch-consumindo-webservice-main] INFO  o.eclipse.m2e.core.internal.Bundles - 	Entry: C:\Users\carlo\.p2\pool\plugins\org.eclipse.m2e.maven.runtime_3.9.700.20240602-2313\jars\maven-compat-3.9.7.jar
2025-01-31 00:32:56,245 [Worker-28: Launching Executing verify in J__Projetos_Java-consumindo-API-gravando-arquivos-e-lidando-com-erros_2944-java-screenmatch-consumindo-webservice-main] INFO  o.eclipse.m2e.core.internal.Bundles - 	Entry: C:\Users\carlo\.p2\pool\plugins\org.eclipse.m2e.maven.runtime_3.9.700.20240602-2313\jars\maven-core-3.9.7.jar
2025-01-31 00:32:56,245 [Worker-28: Launching Executing verify in J__Projetos_Java-consumindo-API-gravando-arquivos-e-lidando-com-erros_2944-java-screenmatch-consumindo-webservice-main] INFO  o.eclipse.m2e.core.internal.Bundles - 	Entry: C:\Users\carlo\.p2\pool\plugins\org.eclipse.m2e.maven.runtime_3.9.700.20240602-2313\jars\maven-embedder-3.9.7.jar
2025-01-31 00:32:56,245 [Worker-28: Launching Executing verify in J__Projetos_Java-consumindo-API-gravando-arquivos-e-lidando-com-erros_2944-java-screenmatch-consumindo-webservice-main] INFO  o.eclipse.m2e.core.internal.Bundles - 	Entry: C:\Users\carlo\.p2\pool\plugins\org.eclipse.m2e.maven.runtime_3.9.700.20240602-2313\jars\maven-model-3.9.7.jar
2025-01-31 00:32:56,245 [Worker-28: Launching Executing verify in J__Projetos_Java-consumindo-API-gravando-arquivos-e-lidando-com-erros_2944-java-screenmatch-consumindo-webservice-main] INFO  o.eclipse.m2e.core.internal.Bundles - 	Entry: C:\Users\carlo\.p2\pool\plugins\org.eclipse.m2e.maven.runtime_3.9.700.20240602-2313\jars\maven-model-builder-3.9.7.jar
2025-01-31 00:32:56,245 [Worker-28: Launching Executing verify in J__Projetos_Java-consumindo-API-gravando-arquivos-e-lidando-com-erros_2944-java-screenmatch-consumindo-webservice-main] INFO  o.eclipse.m2e.core.internal.Bundles - 	Entry: C:\Users\carlo\.p2\pool\plugins\org.eclipse.m2e.maven.runtime_3.9.700.20240602-2313\jars\maven-plugin-api-3.9.7.jar
2025-01-31 00:32:56,245 [Worker-28: Launching Executing verify in J__Projetos_Java-consumindo-API-gravando-arquivos-e-lidando-com-erros_2944-java-screenmatch-consumindo-webservice-main] INFO  o.eclipse.m2e.core.internal.Bundles - 	Entry: C:\Users\carlo\.p2\pool\plugins\org.eclipse.m2e.maven.runtime_3.9.700.20240602-2313\jars\maven-repository-metadata-3.9.7.jar
2025-01-31 00:32:56,246 [Worker-28: Launching Executing verify in J__Projetos_Java-consumindo-API-gravando-arquivos-e-lidando-com-erros_2944-java-screenmatch-consumindo-webservice-main] INFO  o.eclipse.m2e.core.internal.Bundles - 	Entry: C:\Users\carlo\.p2\pool\plugins\org.eclipse.m2e.maven.runtime_3.9.700.20240602-2313\jars\maven-resolver-api-1.9.20.jar
2025-01-31 00:32:56,246 [Worker-28: Launching Executing verify in J__Projetos_Java-consumindo-API-gravando-arquivos-e-lidando-com-erros_2944-java-screenmatch-consumindo-webservice-main] INFO  o.eclipse.m2e.core.internal.Bundles - 	Entry: C:\Users\carlo\.p2\pool\plugins\org.eclipse.m2e.maven.runtime_3.9.700.20240602-2313\jars\maven-resolver-connector-basic-1.9.20.jar
2025-01-31 00:32:56,246 [Worker-28: Launching Executing verify in J__Projetos_Java-consumindo-API-gravando-arquivos-e-lidando-com-erros_2944-java-screenmatch-consumindo-webservice-main] INFO  o.eclipse.m2e.core.internal.Bundles - 	Entry: C:\Users\carlo\.p2\pool\plugins\org.eclipse.m2e.maven.runtime_3.9.700.20240602-2313\jars\maven-resolver-impl-1.9.20.jar
2025-01-31 00:32:56,246 [Worker-28: Launching Executing verify in J__Projetos_Java-consumindo-API-gravando-arquivos-e-lidando-com-erros_2944-java-screenmatch-consumindo-webservice-main] INFO  o.eclipse.m2e.core.internal.Bundles - 	Entry: C:\Users\carlo\.p2\pool\plugins\org.eclipse.m2e.maven.runtime_3.9.700.20240602-2313\jars\maven-resolver-named-locks-1.9.20.jar
2025-01-31 00:32:56,246 [Worker-28: Launching Executing verify in J__Projetos_Java-consumindo-API-gravando-arquivos-e-lidando-com-erros_2944-java-screenmatch-consumindo-webservice-main] INFO  o.eclipse.m2e.core.internal.Bundles - 	Entry: C:\Users\carlo\.p2\pool\plugins\org.eclipse.m2e.maven.runtime_3.9.700.20240602-2313\jars\maven-resolver-provider-3.9.7.jar
2025-01-31 00:32:56,246 [Worker-28: Launching Executing verify in J__Projetos_Java-consumindo-API-gravando-arquivos-e-lidando-com-erros_2944-java-screenmatch-consumindo-webservice-main] INFO  o.eclipse.m2e.core.internal.Bundles - 	Entry: C:\Users\carlo\.p2\pool\plugins\org.eclipse.m2e.maven.runtime_3.9.700.20240602-2313\jars\maven-resolver-spi-1.9.20.jar
2025-01-31 00:32:56,247 [Worker-28: Launching Executing verify in J__Projetos_Java-consumindo-API-gravando-arquivos-e-lidando-com-erros_2944-java-screenmatch-consumindo-webservice-main] INFO  o.eclipse.m2e.core.internal.Bundles - 	Entry: C:\Users\carlo\.p2\pool\plugins\org.eclipse.m2e.maven.runtime_3.9.700.20240602-2313\jars\maven-resolver-transport-file-1.9.20.jar
2025-01-31 00:32:56,247 [Worker-28: Launching Executing verify in J__Projetos_Java-consumindo-API-gravando-arquivos-e-lidando-com-erros_2944-java-screenmatch-consumindo-webservice-main] INFO  o.eclipse.m2e.core.internal.Bundles - 	Entry: C:\Users\carlo\.p2\pool\plugins\org.eclipse.m2e.maven.runtime_3.9.700.20240602-2313\jars\maven-resolver-transport-http-1.9.20.jar
2025-01-31 00:32:56,247 [Worker-28: Launching Executing verify in J__Projetos_Java-consumindo-API-gravando-arquivos-e-lidando-com-erros_2944-java-screenmatch-consumindo-webservice-main] INFO  o.eclipse.m2e.core.internal.Bundles - 	Entry: C:\Users\carlo\.p2\pool\plugins\org.eclipse.m2e.maven.runtime_3.9.700.20240602-2313\jars\maven-resolver-transport-wagon-1.9.20.jar
2025-01-31 00:32:56,247 [Worker-28: Launching Executing verify in J__Projetos_Java-consumindo-API-gravando-arquivos-e-lidando-com-erros_2944-java-screenmatch-consumindo-webservice-main] INFO  o.eclipse.m2e.core.internal.Bundles - 	Entry: C:\Users\carlo\.p2\pool\plugins\org.eclipse.m2e.maven.runtime_3.9.700.20240602-2313\jars\maven-resolver-util-1.9.20.jar
2025-01-31 00:32:56,247 [Worker-28: Launching Executing verify in J__Projetos_Java-consumindo-API-gravando-arquivos-e-lidando-com-erros_2944-java-screenmatch-consumindo-webservice-main] INFO  o.eclipse.m2e.core.internal.Bundles - 	Entry: C:\Users\carlo\.p2\pool\plugins\org.eclipse.m2e.maven.runtime_3.9.700.20240602-2313\jars\maven-settings-3.9.7.jar
2025-01-31 00:32:56,248 [Worker-28: Launching Executing verify in J__Projetos_Java-consumindo-API-gravando-arquivos-e-lidando-com-erros_2944-java-screenmatch-consumindo-webservice-main] INFO  o.eclipse.m2e.core.internal.Bundles - 	Entry: C:\Users\carlo\.p2\pool\plugins\org.eclipse.m2e.maven.runtime_3.9.700.20240602-2313\jars\maven-settings-builder-3.9.7.jar
2025-01-31 00:32:56,248 [Worker-28: Launching Executing verify in J__Projetos_Java-consumindo-API-gravando-arquivos-e-lidando-com-erros_2944-java-screenmatch-consumindo-webservice-main] INFO  o.eclipse.m2e.core.internal.Bundles - 	Entry: C:\Users\carlo\.p2\pool\plugins\org.eclipse.m2e.maven.runtime_3.9.700.20240602-2313\jars\maven-shared-utils-3.4.2.jar
2025-01-31 00:32:56,248 [Worker-28: Launching Executing verify in J__Projetos_Java-consumindo-API-gravando-arquivos-e-lidando-com-erros_2944-java-screenmatch-consumindo-webservice-main] INFO  o.eclipse.m2e.core.internal.Bundles - 	Entry: C:\Users\carlo\.p2\pool\plugins\org.eclipse.m2e.maven.runtime_3.9.700.20240602-2313\jars\org.eclipse.sisu.inject-0.9.0.M2.jar
2025-01-31 00:32:56,248 [Worker-28: Launching Executing verify in J__Projetos_Java-consumindo-API-gravando-arquivos-e-lidando-com-erros_2944-java-screenmatch-consumindo-webservice-main] INFO  o.eclipse.m2e.core.internal.Bundles - 	Entry: C:\Users\carlo\.p2\pool\plugins\org.eclipse.m2e.maven.runtime_3.9.700.20240602-2313\jars\org.eclipse.sisu.plexus-0.9.0.M2.jar
2025-01-31 00:32:56,248 [Worker-28: Launching Executing verify in J__Projetos_Java-consumindo-API-gravando-arquivos-e-lidando-com-erros_2944-java-screenmatch-consumindo-webservice-main] INFO  o.eclipse.m2e.core.internal.Bundles - 	Entry: C:\Users\carlo\.p2\pool\plugins\org.eclipse.m2e.maven.runtime_3.9.700.20240602-2313\jars\plexus-build-api-0.0.7.jar
2025-01-31 00:32:56,248 [Worker-28: Launching Executing verify in J__Projetos_Java-consumindo-API-gravando-arquivos-e-lidando-com-erros_2944-java-screenmatch-consumindo-webservice-main] INFO  o.eclipse.m2e.core.internal.Bundles - 	Entry: C:\Users\carlo\.p2\pool\plugins\org.eclipse.m2e.maven.runtime_3.9.700.20240602-2313\jars\plexus-build-api-1.2.0.jar
2025-01-31 00:32:56,248 [Worker-28: Launching Executing verify in J__Projetos_Java-consumindo-API-gravando-arquivos-e-lidando-com-erros_2944-java-screenmatch-consumindo-webservice-main] INFO  o.eclipse.m2e.core.internal.Bundles - 	Entry: C:\Users\carlo\.p2\pool\plugins\org.eclipse.m2e.maven.runtime_3.9.700.20240602-2313\jars\plexus-cipher-2.0.jar
2025-01-31 00:32:56,248 [Worker-28: Launching Executing verify in J__Projetos_Java-consumindo-API-gravando-arquivos-e-lidando-com-erros_2944-java-screenmatch-consumindo-webservice-main] INFO  o.eclipse.m2e.core.internal.Bundles - 	Entry: C:\Users\carlo\.p2\pool\plugins\org.eclipse.m2e.maven.runtime_3.9.700.20240602-2313\jars\plexus-classworlds-2.8.0.jar
2025-01-31 00:32:56,249 [Worker-28: Launching Executing verify in J__Projetos_Java-consumindo-API-gravando-arquivos-e-lidando-com-erros_2944-java-screenmatch-consumindo-webservice-main] INFO  o.eclipse.m2e.core.internal.Bundles - 	Entry: C:\Users\carlo\.p2\pool\plugins\org.eclipse.m2e.maven.runtime_3.9.700.20240602-2313\jars\plexus-component-annotations-2.1.0.jar
2025-01-31 00:32:56,249 [Worker-28: Launching Executing verify in J__Projetos_Java-consumindo-API-gravando-arquivos-e-lidando-com-erros_2944-java-screenmatch-consumindo-webservice-main] INFO  o.eclipse.m2e.core.internal.Bundles - 	Entry: C:\Users\carlo\.p2\pool\plugins\org.eclipse.m2e.maven.runtime_3.9.700.20240602-2313\jars\plexus-interpolation-1.27.jar
2025-01-31 00:32:56,249 [Worker-28: Launching Executing verify in J__Projetos_Java-consumindo-API-gravando-arquivos-e-lidando-com-erros_2944-java-screenmatch-consumindo-webservice-main] INFO  o.eclipse.m2e.core.internal.Bundles - 	Entry: C:\Users\carlo\.p2\pool\plugins\org.eclipse.m2e.maven.runtime_3.9.700.20240602-2313\jars\plexus-sec-dispatcher-2.0.jar
2025-01-31 00:32:56,249 [Worker-28: Launching Executing verify in J__Projetos_Java-consumindo-API-gravando-arquivos-e-lidando-com-erros_2944-java-screenmatch-consumindo-webservice-main] INFO  o.eclipse.m2e.core.internal.Bundles - 	Entry: C:\Users\carlo\.p2\pool\plugins\org.eclipse.m2e.maven.runtime_3.9.700.20240602-2313\jars\plexus-utils-3.5.1.jar
2025-01-31 00:32:56,249 [Worker-28: Launching Executing verify in J__Projetos_Java-consumindo-API-gravando-arquivos-e-lidando-com-erros_2944-java-screenmatch-consumindo-webservice-main] INFO  o.eclipse.m2e.core.internal.Bundles - 	Entry: C:\Users\carlo\.p2\pool\plugins\org.eclipse.m2e.maven.runtime_3.9.700.20240602-2313\jars\wagon-file-3.5.3.jar
2025-01-31 00:32:56,249 [Worker-28: Launching Executing verify in J__Projetos_Java-consumindo-API-gravando-arquivos-e-lidando-com-erros_2944-java-screenmatch-consumindo-webservice-main] INFO  o.eclipse.m2e.core.internal.Bundles - 	Entry: C:\Users\carlo\.p2\pool\plugins\org.eclipse.m2e.maven.runtime_3.9.700.20240602-2313\jars\wagon-http-3.5.3.jar
2025-01-31 00:32:56,249 [Worker-28: Launching Executing verify in J__Projetos_Java-consumindo-API-gravando-arquivos-e-lidando-com-erros_2944-java-screenmatch-consumindo-webservice-main] INFO  o.eclipse.m2e.core.internal.Bundles - 	Entry: C:\Users\carlo\.p2\pool\plugins\org.eclipse.m2e.maven.runtime_3.9.700.20240602-2313\jars\wagon-http-shared-3.5.3.jar
2025-01-31 00:32:56,250 [Worker-28: Launching Executing verify in J__Projetos_Java-consumindo-API-gravando-arquivos-e-lidando-com-erros_2944-java-screenmatch-consumindo-webservice-main] INFO  o.eclipse.m2e.core.internal.Bundles - 	Entry: C:\Users\carlo\.p2\pool\plugins\org.eclipse.m2e.maven.runtime_3.9.700.20240602-2313\jars\wagon-provider-api-3.5.3.jar
2025-01-31 00:32:56,251 [Worker-28: Launching Executing verify in J__Projetos_Java-consumindo-API-gravando-arquivos-e-lidando-com-erros_2944-java-screenmatch-consumindo-webservice-main] INFO  o.eclipse.m2e.core.internal.Bundles - getClasspathEntries(Bundle=com.google.guava_33.2.0.jre [16])
2025-01-31 00:32:56,251 [Worker-28: Launching Executing verify in J__Projetos_Java-consumindo-API-gravando-arquivos-e-lidando-com-erros_2944-java-screenmatch-consumindo-webservice-main] INFO  o.eclipse.m2e.core.internal.Bundles - 	Entry: C:\Users\carlo\.p2\pool\plugins\com.google.guava_33.2.0.jre.jar
2025-01-31 00:32:56,251 [Worker-28: Launching Executing verify in J__Projetos_Java-consumindo-API-gravando-arquivos-e-lidando-com-erros_2944-java-screenmatch-consumindo-webservice-main] INFO  o.eclipse.m2e.core.internal.Bundles - getClasspathEntries(Bundle=slf4j.api_2.0.16 [1009])
2025-01-31 00:32:56,252 [Worker-28: Launching Executing verify in J__Projetos_Java-consumindo-API-gravando-arquivos-e-lidando-com-erros_2944-java-screenmatch-consumindo-webservice-main] INFO  o.eclipse.m2e.core.internal.Bundles - 	Entry: C:\Users\carlo\.p2\pool\plugins\slf4j.api_2.0.16.jar
2025-01-31 00:32:56,252 [Worker-28: Launching Executing verify in J__Projetos_Java-consumindo-API-gravando-arquivos-e-lidando-com-erros_2944-java-screenmatch-consumindo-webservice-main] INFO  o.eclipse.m2e.core.internal.Bundles - getClasspathEntries(Bundle=jakarta.inject.jakarta.inject-api_1.0.5 [33])
2025-01-31 00:32:56,252 [Worker-28: Launching Executing verify in J__Projetos_Java-consumindo-API-gravando-arquivos-e-lidando-com-erros_2944-java-screenmatch-consumindo-webservice-main] INFO  o.eclipse.m2e.core.internal.Bundles - 	Entry: C:\Users\carlo\.p2\pool\plugins\jakarta.inject.jakarta.inject-api_1.0.5.jar
2025-01-31 00:32:56,252 [Worker-28: Launching Executing verify in J__Projetos_Java-consumindo-API-gravando-arquivos-e-lidando-com-erros_2944-java-screenmatch-consumindo-webservice-main] INFO  o.eclipse.m2e.core.internal.Bundles - getClasspathEntries(Bundle=javax.annotation_1.3.5.v20200909-1856 [44])
2025-01-31 00:32:56,253 [Worker-28: Launching Executing verify in J__Projetos_Java-consumindo-API-gravando-arquivos-e-lidando-com-erros_2944-java-screenmatch-consumindo-webservice-main] INFO  o.eclipse.m2e.core.internal.Bundles - 	Entry: C:\Users\carlo\.p2\pool\plugins\javax.annotation_1.3.5.v20200909-1856.jar
2025-01-31 00:32:56,253 [Worker-28: Launching Executing verify in J__Projetos_Java-consumindo-API-gravando-arquivos-e-lidando-com-erros_2944-java-screenmatch-consumindo-webservice-main] INFO  o.eclipse.m2e.core.internal.Bundles - getClasspathEntries(Bundle=org.apache.commons.cli_1.8.0 [78])
2025-01-31 00:32:56,253 [Worker-28: Launching Executing verify in J__Projetos_Java-consumindo-API-gravando-arquivos-e-lidando-com-erros_2944-java-screenmatch-consumindo-webservice-main] INFO  o.eclipse.m2e.core.internal.Bundles - 	Entry: C:\Users\carlo\.p2\pool\plugins\org.apache.commons.cli_1.8.0.jar
2025-01-31 00:32:56,253 [Worker-28: Launching Executing verify in J__Projetos_Java-consumindo-API-gravando-arquivos-e-lidando-com-erros_2944-java-screenmatch-consumindo-webservice-main] INFO  o.eclipse.m2e.core.internal.Bundles - getClasspathEntries(Bundle=org.apache.commons.commons-codec_1.16.0 [81])
2025-01-31 00:32:56,254 [Worker-28: Launching Executing verify in J__Projetos_Java-consumindo-API-gravando-arquivos-e-lidando-com-erros_2944-java-screenmatch-consumindo-webservice-main] INFO  o.eclipse.m2e.core.internal.Bundles - 	Entry: C:\Users\carlo\.p2\pool\plugins\org.apache.commons.commons-codec_1.16.0.jar
2025-01-31 00:32:56,254 [Worker-28: Launching Executing verify in J__Projetos_Java-consumindo-API-gravando-arquivos-e-lidando-com-erros_2944-java-screenmatch-consumindo-webservice-main] INFO  o.eclipse.m2e.core.internal.Bundles - getClasspathEntries(Bundle=org.apache.commons.lang3_3.14.0 [89])
2025-01-31 00:32:56,254 [Worker-28: Launching Executing verify in J__Projetos_Java-consumindo-API-gravando-arquivos-e-lidando-com-erros_2944-java-screenmatch-consumindo-webservice-main] INFO  o.eclipse.m2e.core.internal.Bundles - 	Entry: C:\Users\carlo\.p2\pool\plugins\org.apache.commons.lang3_3.14.0.jar
2025-01-31 00:32:56,254 [Worker-28: Launching Executing verify in J__Projetos_Java-consumindo-API-gravando-arquivos-e-lidando-com-erros_2944-java-screenmatch-consumindo-webservice-main] INFO  o.eclipse.m2e.core.internal.Bundles - getClasspathEntries(Bundle=com.google.guava.failureaccess_1.0.2 [17])
2025-01-31 00:32:56,255 [Worker-28: Launching Executing verify in J__Projetos_Java-consumindo-API-gravando-arquivos-e-lidando-com-erros_2944-java-screenmatch-consumindo-webservice-main] INFO  o.eclipse.m2e.core.internal.Bundles - 	Entry: C:\Users\carlo\.p2\pool\plugins\com.google.guava.failureaccess_1.0.2.jar
2025-01-31 00:32:56,259 [Worker-28: Launching Executing verify in J__Projetos_Java-consumindo-API-gravando-arquivos-e-lidando-com-erros_2944-java-screenmatch-consumindo-webservice-main] INFO  o.e.m.i.launch.MavenLaunchDelegate - Run build in "J:\Projetos\Java-consumindo-API-gravando-arquivos-e-lidando-com-erros\2944-java-screenmatch-consumindo-webservice-main":
2025-01-31 00:32:56,263 [Worker-28: Launching Executing verify in J__Projetos_Java-consumindo-API-gravando-arquivos-e-lidando-com-erros_2944-java-screenmatch-consumindo-webservice-main] INFO  o.e.m.i.launch.MavenLaunchDelegate -  mvn  -B -Dstyle.color=always verify
2025-01-31 00:33:20,533 [Worker-22: Launching Principal] ERROR o.e.m.c.i.URLConnectionCaches - Unexpected URLConnection defaultUseCaches enabled
2025-01-31 00:33:20,773 [Worker-22: Launching Principal] INFO  o.e.m.c.i.l.LifecycleMappingFactory - Using org.eclipse.m2e.jdt.JarLifecycleMapping lifecycle mapping for MavenProject: 2944-java-screenmatch-consumindo-webservice-main:2944-java-screenmatch-consumindo-webservice-main:0.0.1-SNAPSHOT @ J:\Projetos\Java-consumindo-API-gravando-arquivos-e-lidando-com-erros\2944-java-screenmatch-consumindo-webservice-main\pom.xml.
2025-01-31 00:33:21,077 [Worker-22: Launching Principal] ERROR o.e.m.c.i.URLConnectionCaches - Unexpected URLConnection defaultUseCaches enabled
2025-01-31 00:33:21,273 [Worker-22: Launching Principal] WARN  o.e.m.c.i.embedder.EclipseLogger - Using platform encoding (UTF-8 actually) to copy filtered resources, i.e. build is platform dependent!
2025-01-31 00:33:21,275 [Worker-22: Launching Principal] INFO  o.e.m.c.i.embedder.EclipseLogger - skip non existing resourceDirectory J:\Projetos\Java-consumindo-API-gravando-arquivos-e-lidando-com-erros\2944-java-screenmatch-consumindo-webservice-main\src\main\resources
2025-01-31 00:33:21,281 [Worker-22: Launching Principal] WARN  o.e.m.c.i.embedder.EclipseLogger - Using platform encoding (UTF-8 actually) to copy filtered resources, i.e. build is platform dependent!
2025-01-31 00:33:21,282 [Worker-22: Launching Principal] INFO  o.e.m.c.i.embedder.EclipseLogger - skip non existing resourceDirectory J:\Projetos\Java-consumindo-API-gravando-arquivos-e-lidando-com-erros\2944-java-screenmatch-consumindo-webservice-main\src\test\resources
2025-01-31 00:33:21,442 [Worker-29: Updating Maven Project] INFO  o.e.m.c.i.p.ProjectConfigurationManager - Update started
2025-01-31 00:33:21,462 [Worker-29: Updating Maven Project] ERROR o.e.m.c.i.URLConnectionCaches - Unexpected URLConnection defaultUseCaches enabled
2025-01-31 00:33:21,868 [Worker-29: Updating Maven Project] INFO  o.e.m.c.i.l.LifecycleMappingFactory - Using org.eclipse.m2e.jdt.JarLifecycleMapping lifecycle mapping for MavenProject: 2944-java-screenmatch-consumindo-webservice-main:2944-java-screenmatch-consumindo-webservice-main:0.0.1-SNAPSHOT @ J:\Projetos\Java-consumindo-API-gravando-arquivos-e-lidando-com-erros\2944-java-screenmatch-consumindo-webservice-main\pom.xml.
2025-01-31 00:33:21,923 [Worker-29: Updating Maven Project] ERROR o.e.m.c.i.URLConnectionCaches - Unexpected URLConnection defaultUseCaches enabled
2025-01-31 00:33:22,267 [Worker-29: Updating Maven Project] INFO  o.e.m.j.i.AbstractJavaProjectConfigurator - Adding source folder /2944-java-screenmatch-consumindo-webservice-main/src
2025-01-31 00:33:22,268 [Worker-29: Updating Maven Project] INFO  o.e.m.j.i.AbstractJavaProjectConfigurator - Resources folder /2944-java-screenmatch-consumindo-webservice-main/src/main/resources overlaps with sources folder /2944-java-screenmatch-consumindo-webservice-main/src
2025-01-31 00:33:22,269 [Worker-29: Updating Maven Project] INFO  o.e.m.j.i.AbstractJavaProjectConfigurator - Not adding source folder /2944-java-screenmatch-consumindo-webservice-main/src/test/java because it overlaps with /2944-java-screenmatch-consumindo-webservice-main/src
2025-01-31 00:33:22,269 [Worker-29: Updating Maven Project] INFO  o.e.m.j.i.AbstractJavaProjectConfigurator - Resources folder /2944-java-screenmatch-consumindo-webservice-main/src/test/resources overlaps with sources folder /2944-java-screenmatch-consumindo-webservice-main/src
2025-01-31 00:33:22,404 [Worker-29: Updating Maven Project] INFO  o.e.m.c.i.p.ProjectConfigurationManager - Update completed for 1 poms: local refresh takes 0,00 sec, refresh facades takes 0,00 sec, update config takes 0,00 sec 
2025-01-31 00:33:22,678 [Worker-30: Download sources and javadoc] INFO  o.e.m.c.i.e.AbstractTransferListenerAdapter - Downloading https://repo.maven.apache.org/maven2/com/google/code/gson/gson/2.12.0/gson-2.12.0-sources.jar
2025-01-31 00:33:22,912 [Worker-30: Download sources and javadoc] INFO  o.e.m.c.i.e.AbstractTransferListenerAdapter - Downloaded https://repo.maven.apache.org/maven2/com/google/code/gson/gson/2.12.0/gson-2.12.0-sources.jar
2025-01-31 00:33:22,919 [Worker-30: Download sources and javadoc] INFO  o.e.m.j.internal.DownloadSourcesJob - Downloaded sources for com.google.code.gson:gson:2.12.0
2025-01-31 00:33:23,155 [Worker-30: Download sources and javadoc] INFO  o.e.m.c.i.e.AbstractTransferListenerAdapter - Downloading https://repo.maven.apache.org/maven2/com/google/errorprone/error_prone_annotations/2.36.0/error_prone_annotations-2.36.0-sources.jar
2025-01-31 00:33:23,702 [Worker-30: Download sources and javadoc] INFO  o.e.m.c.i.e.AbstractTransferListenerAdapter - Downloaded https://repo.maven.apache.org/maven2/com/google/errorprone/error_prone_annotations/2.36.0/error_prone_annotations-2.36.0-sources.jar
2025-01-31 00:33:23,705 [Worker-30: Download sources and javadoc] INFO  o.e.m.j.internal.DownloadSourcesJob - Downloaded sources for com.google.errorprone:error_prone_annotations:2.36.0
2025-01-31 00:33:45,572 [Worker-30: Launching PrincipalComBuscas] ERROR o.e.m.c.i.URLConnectionCaches - Unexpected URLConnection defaultUseCaches enabled
2025-01-31 00:33:45,603 [Worker-30: Launching PrincipalComBuscas] WARN  o.e.m.c.i.embedder.EclipseLogger - Using platform encoding (UTF-8 actually) to copy filtered resources, i.e. build is platform dependent!
2025-01-31 00:33:45,604 [Worker-30: Launching PrincipalComBuscas] INFO  o.e.m.c.i.embedder.EclipseLogger - skip non existing resourceDirectory J:\Projetos\Java-consumindo-API-gravando-arquivos-e-lidando-com-erros\2944-java-screenmatch-consumindo-webservice-main\src\main\resources
2025-01-31 00:33:45,612 [Worker-30: Launching PrincipalComBuscas] WARN  o.e.m.c.i.embedder.EclipseLogger - Using platform encoding (UTF-8 actually) to copy filtered resources, i.e. build is platform dependent!
2025-01-31 00:33:45,613 [Worker-30: Launching PrincipalComBuscas] INFO  o.e.m.c.i.embedder.EclipseLogger - skip non existing resourceDirectory J:\Projetos\Java-consumindo-API-gravando-arquivos-e-lidando-com-erros\2944-java-screenmatch-consumindo-webservice-main\src\test\resources
2025-01-31 00:35:08,309 [Worker-30: Launching PrincipalComBuscas] ERROR o.e.m.c.i.URLConnectionCaches - Unexpected URLConnection defaultUseCaches enabled
2025-01-31 00:35:08,319 [Worker-30: Launching PrincipalComBuscas] WARN  o.e.m.c.i.embedder.EclipseLogger - Using platform encoding (UTF-8 actually) to copy filtered resources, i.e. build is platform dependent!
2025-01-31 00:35:08,320 [Worker-30: Launching PrincipalComBuscas] INFO  o.e.m.c.i.embedder.EclipseLogger - skip non existing resourceDirectory J:\Projetos\Java-consumindo-API-gravando-arquivos-e-lidando-com-erros\2944-java-screenmatch-consumindo-webservice-main\src\main\resources
2025-01-31 00:35:08,323 [Worker-30: Launching PrincipalComBuscas] WARN  o.e.m.c.i.embedder.EclipseLogger - Using platform encoding (UTF-8 actually) to copy filtered resources, i.e. build is platform dependent!
2025-01-31 00:35:08,324 [Worker-30: Launching PrincipalComBuscas] INFO  o.e.m.c.i.embedder.EclipseLogger - skip non existing resourceDirectory J:\Projetos\Java-consumindo-API-gravando-arquivos-e-lidando-com-erros\2944-java-screenmatch-consumindo-webservice-main\src\test\resources
2025-01-31 00:39:30,772 [Worker-30: Launching PrincipalComBuscas] ERROR o.e.m.c.i.URLConnectionCaches - Unexpected URLConnection defaultUseCaches enabled
2025-01-31 00:39:30,788 [Worker-30: Launching PrincipalComBuscas] WARN  o.e.m.c.i.embedder.EclipseLogger - Using platform encoding (UTF-8 actually) to copy filtered resources, i.e. build is platform dependent!
2025-01-31 00:39:30,789 [Worker-30: Launching PrincipalComBuscas] INFO  o.e.m.c.i.embedder.EclipseLogger - skip non existing resourceDirectory J:\Projetos\Java-consumindo-API-gravando-arquivos-e-lidando-com-erros\2944-java-screenmatch-consumindo-webservice-main\src\main\resources
2025-01-31 00:39:30,793 [Worker-30: Launching PrincipalComBuscas] WARN  o.e.m.c.i.embedder.EclipseLogger - Using platform encoding (UTF-8 actually) to copy filtered resources, i.e. build is platform dependent!
2025-01-31 00:39:30,794 [Worker-30: Launching PrincipalComBuscas] INFO  o.e.m.c.i.embedder.EclipseLogger - skip non existing resourceDirectory J:\Projetos\Java-consumindo-API-gravando-arquivos-e-lidando-com-erros\2944-java-screenmatch-consumindo-webservice-main\src\test\resources
2025-01-31 00:46:20,272 [Worker-36: Launching PrincipalComBuscas] ERROR o.e.m.c.i.URLConnectionCaches - Unexpected URLConnection defaultUseCaches enabled
2025-01-31 00:46:20,276 [Worker-36: Launching PrincipalComBuscas] WARN  o.e.m.c.i.embedder.EclipseLogger - Using platform encoding (UTF-8 actually) to copy filtered resources, i.e. build is platform dependent!
2025-01-31 00:46:20,277 [Worker-36: Launching PrincipalComBuscas] INFO  o.e.m.c.i.embedder.EclipseLogger - skip non existing resourceDirectory J:\Projetos\Java-consumindo-API-gravando-arquivos-e-lidando-com-erros\2944-java-screenmatch-consumindo-webservice-main\src\main\resources
2025-01-31 00:46:20,279 [Worker-36: Launching PrincipalComBuscas] WARN  o.e.m.c.i.embedder.EclipseLogger - Using platform encoding (UTF-8 actually) to copy filtered resources, i.e. build is platform dependent!
2025-01-31 00:46:20,280 [Worker-36: Launching PrincipalComBuscas] INFO  o.e.m.c.i.embedder.EclipseLogger - skip non existing resourceDirectory J:\Projetos\Java-consumindo-API-gravando-arquivos-e-lidando-com-erros\2944-java-screenmatch-consumindo-webservice-main\src\test\resources
2025-01-31 00:47:24,426 [Worker-25: Launching PrincipalComBuscas] ERROR o.e.m.c.i.URLConnectionCaches - Unexpected URLConnection defaultUseCaches enabled
2025-01-31 00:47:24,431 [Worker-25: Launching PrincipalComBuscas] WARN  o.e.m.c.i.embedder.EclipseLogger - Using platform encoding (UTF-8 actually) to copy filtered resources, i.e. build is platform dependent!
2025-01-31 00:47:24,432 [Worker-25: Launching PrincipalComBuscas] INFO  o.e.m.c.i.embedder.EclipseLogger - skip non existing resourceDirectory J:\Projetos\Java-consumindo-API-gravando-arquivos-e-lidando-com-erros\2944-java-screenmatch-consumindo-webservice-main\src\main\resources
2025-01-31 00:47:24,435 [Worker-25: Launching PrincipalComBuscas] WARN  o.e.m.c.i.embedder.EclipseLogger - Using platform encoding (UTF-8 actually) to copy filtered resources, i.e. build is platform dependent!
2025-01-31 00:47:24,437 [Worker-25: Launching PrincipalComBuscas] INFO  o.e.m.c.i.embedder.EclipseLogger - skip non existing resourceDirectory J:\Projetos\Java-consumindo-API-gravando-arquivos-e-lidando-com-erros\2944-java-screenmatch-consumindo-webservice-main\src\test\resources
2025-01-31 01:14:07,802 [Worker-34: Launching PrincipalComBuscas] ERROR o.e.m.c.i.URLConnectionCaches - Unexpected URLConnection defaultUseCaches enabled
2025-01-31 01:14:07,828 [Worker-34: Launching PrincipalComBuscas] WARN  o.e.m.c.i.embedder.EclipseLogger - Using platform encoding (UTF-8 actually) to copy filtered resources, i.e. build is platform dependent!
2025-01-31 01:14:07,833 [Worker-34: Launching PrincipalComBuscas] INFO  o.e.m.c.i.embedder.EclipseLogger - skip non existing resourceDirectory J:\Projetos\Java-consumindo-API-gravando-arquivos-e-lidando-com-erros\2944-java-screenmatch-consumindo-webservice-main\src\main\resources
2025-01-31 01:14:07,845 [Worker-34: Launching PrincipalComBuscas] WARN  o.e.m.c.i.embedder.EclipseLogger - Using platform encoding (UTF-8 actually) to copy filtered resources, i.e. build is platform dependent!
2025-01-31 01:14:07,848 [Worker-34: Launching PrincipalComBuscas] INFO  o.e.m.c.i.embedder.EclipseLogger - skip non existing resourceDirectory J:\Projetos\Java-consumindo-API-gravando-arquivos-e-lidando-com-erros\2944-java-screenmatch-consumindo-webservice-main\src\test\resources
2025-01-31 01:17:52,320 [Worker-48: Launching PrincipalComBuscas] ERROR o.e.m.c.i.URLConnectionCaches - Unexpected URLConnection defaultUseCaches enabled
2025-01-31 01:17:52,337 [Worker-48: Launching PrincipalComBuscas] WARN  o.e.m.c.i.embedder.EclipseLogger - Using platform encoding (UTF-8 actually) to copy filtered resources, i.e. build is platform dependent!
2025-01-31 01:17:52,339 [Worker-48: Launching PrincipalComBuscas] INFO  o.e.m.c.i.embedder.EclipseLogger - skip non existing resourceDirectory J:\Projetos\Java-consumindo-API-gravando-arquivos-e-lidando-com-erros\2944-java-screenmatch-consumindo-webservice-main\src\main\resources
2025-01-31 01:17:52,345 [Worker-48: Launching PrincipalComBuscas] WARN  o.e.m.c.i.embedder.EclipseLogger - Using platform encoding (UTF-8 actually) to copy filtered resources, i.e. build is platform dependent!
2025-01-31 01:17:52,348 [Worker-48: Launching PrincipalComBuscas] INFO  o.e.m.c.i.embedder.EclipseLogger - skip non existing resourceDirectory J:\Projetos\Java-consumindo-API-gravando-arquivos-e-lidando-com-erros\2944-java-screenmatch-consumindo-webservice-main\src\test\resources
2025-01-31 01:26:49,203 [Worker-41: Launching PrincipalComBuscas] ERROR o.e.m.c.i.URLConnectionCaches - Unexpected URLConnection defaultUseCaches enabled
2025-01-31 01:26:49,212 [Worker-41: Launching PrincipalComBuscas] WARN  o.e.m.c.i.embedder.EclipseLogger - Using platform encoding (UTF-8 actually) to copy filtered resources, i.e. build is platform dependent!
2025-01-31 01:26:49,216 [Worker-41: Launching PrincipalComBuscas] INFO  o.e.m.c.i.embedder.EclipseLogger - skip non existing resourceDirectory J:\Projetos\Java-consumindo-API-gravando-arquivos-e-lidando-com-erros\2944-java-screenmatch-consumindo-webservice-main\src\main\resources
2025-01-31 01:26:49,222 [Worker-41: Launching PrincipalComBuscas] WARN  o.e.m.c.i.embedder.EclipseLogger - Using platform encoding (UTF-8 actually) to copy filtered resources, i.e. build is platform dependent!
2025-01-31 01:26:49,224 [Worker-41: Launching PrincipalComBuscas] INFO  o.e.m.c.i.embedder.EclipseLogger - skip non existing resourceDirectory J:\Projetos\Java-consumindo-API-gravando-arquivos-e-lidando-com-erros\2944-java-screenmatch-consumindo-webservice-main\src\test\resources
2025-01-31 01:28:36,714 [Worker-51: Launching PrincipalComBuscas] ERROR o.e.m.c.i.URLConnectionCaches - Unexpected URLConnection defaultUseCaches enabled
2025-01-31 01:28:36,725 [Worker-51: Launching PrincipalComBuscas] WARN  o.e.m.c.i.embedder.EclipseLogger - Using platform encoding (UTF-8 actually) to copy filtered resources, i.e. build is platform dependent!
2025-01-31 01:28:36,727 [Worker-51: Launching PrincipalComBuscas] INFO  o.e.m.c.i.embedder.EclipseLogger - skip non existing resourceDirectory J:\Projetos\Java-consumindo-API-gravando-arquivos-e-lidando-com-erros\2944-java-screenmatch-consumindo-webservice-main\src\main\resources
2025-01-31 01:28:36,734 [Worker-51: Launching PrincipalComBuscas] WARN  o.e.m.c.i.embedder.EclipseLogger - Using platform encoding (UTF-8 actually) to copy filtered resources, i.e. build is platform dependent!
2025-01-31 01:28:36,736 [Worker-51: Launching PrincipalComBuscas] INFO  o.e.m.c.i.embedder.EclipseLogger - skip non existing resourceDirectory J:\Projetos\Java-consumindo-API-gravando-arquivos-e-lidando-com-erros\2944-java-screenmatch-consumindo-webservice-main\src\test\resources
2025-01-31 01:29:37,163 [Worker-44: Launching PrincipalComBuscas] ERROR o.e.m.c.i.URLConnectionCaches - Unexpected URLConnection defaultUseCaches enabled
2025-01-31 01:29:37,180 [Worker-44: Launching PrincipalComBuscas] WARN  o.e.m.c.i.embedder.EclipseLogger - Using platform encoding (UTF-8 actually) to copy filtered resources, i.e. build is platform dependent!
2025-01-31 01:29:37,183 [Worker-44: Launching PrincipalComBuscas] INFO  o.e.m.c.i.embedder.EclipseLogger - skip non existing resourceDirectory J:\Projetos\Java-consumindo-API-gravando-arquivos-e-lidando-com-erros\2944-java-screenmatch-consumindo-webservice-main\src\main\resources
2025-01-31 01:29:37,194 [Worker-44: Launching PrincipalComBuscas] WARN  o.e.m.c.i.embedder.EclipseLogger - Using platform encoding (UTF-8 actually) to copy filtered resources, i.e. build is platform dependent!
2025-01-31 01:29:37,196 [Worker-44: Launching PrincipalComBuscas] INFO  o.e.m.c.i.embedder.EclipseLogger - skip non existing resourceDirectory J:\Projetos\Java-consumindo-API-gravando-arquivos-e-lidando-com-erros\2944-java-screenmatch-consumindo-webservice-main\src\test\resources
2025-02-01 00:54:26,155 [Worker-6: Loading available Gradle versions] INFO  o.e.b.c.i.u.g.PublishedGradleVersions - Gradle version information cache is out-of-date. Trying to update.
2025-02-01 01:03:41,358 [Worker-23: Launching PrincipalComBuscas] INFO  o.e.m.c.i.e.AbstractTransferListenerAdapter - Downloading https://repo.maven.apache.org/maven2/org/springframework/boot/spring-boot-maven-plugin/maven-metadata.xml
2025-02-01 01:03:41,414 [Worker-23: Launching PrincipalComBuscas] INFO  o.e.m.c.i.e.AbstractTransferListenerAdapter - Downloaded https://repo.maven.apache.org/maven2/org/springframework/boot/spring-boot-maven-plugin/maven-metadata.xml
2025-02-01 01:03:44,312 [Worker-23: Launching PrincipalComBuscas] WARN  o.e.m.c.i.embedder.EclipseLogger - Using platform encoding (UTF-8 actually) to copy filtered resources, i.e. build is platform dependent!
2025-02-01 01:03:44,312 [Worker-23: Launching PrincipalComBuscas] INFO  o.e.m.c.i.embedder.EclipseLogger - skip non existing resourceDirectory J:\Projetos\Java-consumindo-API-gravando-arquivos-e-lidando-com-erros\2944-java-screenmatch-consumindo-webservice-main\src\main\resources
2025-02-01 01:03:44,316 [Worker-23: Launching PrincipalComBuscas] WARN  o.e.m.c.i.embedder.EclipseLogger - Using platform encoding (UTF-8 actually) to copy filtered resources, i.e. build is platform dependent!
2025-02-01 01:03:44,317 [Worker-23: Launching PrincipalComBuscas] INFO  o.e.m.c.i.embedder.EclipseLogger - skip non existing resourceDirectory J:\Projetos\Java-consumindo-API-gravando-arquivos-e-lidando-com-erros\2944-java-screenmatch-consumindo-webservice-main\src\test\resources
2025-02-02 00:50:57,724 [Worker-8: Loading available Gradle versions] INFO  o.e.b.c.i.u.g.PublishedGradleVersions - Gradle version information cache is up-to-date. Trying to read.
2025-02-02 13:36:15,000 [Worker-38: Launching PrincipalComBuscas] INFO  o.e.m.c.i.e.AbstractTransferListenerAdapter - Downloading https://repo.maven.apache.org/maven2/org/springframework/boot/spring-boot-maven-plugin/maven-metadata.xml
2025-02-02 13:36:15,039 [Worker-38: Launching PrincipalComBuscas] INFO  o.e.m.c.i.e.AbstractTransferListenerAdapter - Downloaded https://repo.maven.apache.org/maven2/org/springframework/boot/spring-boot-maven-plugin/maven-metadata.xml
2025-02-02 13:36:18,425 [Worker-38: Launching PrincipalComBuscas] WARN  o.e.m.c.i.embedder.EclipseLogger - Using platform encoding (UTF-8 actually) to copy filtered resources, i.e. build is platform dependent!
2025-02-02 13:36:18,427 [Worker-38: Launching PrincipalComBuscas] INFO  o.e.m.c.i.embedder.EclipseLogger - skip non existing resourceDirectory J:\Projetos\Java-consumindo-API-gravando-arquivos-e-lidando-com-erros\2944-java-screenmatch-consumindo-webservice-main\src\main\resources
2025-02-02 13:36:18,434 [Worker-38: Launching PrincipalComBuscas] WARN  o.e.m.c.i.embedder.EclipseLogger - Using platform encoding (UTF-8 actually) to copy filtered resources, i.e. build is platform dependent!
2025-02-02 13:36:18,435 [Worker-38: Launching PrincipalComBuscas] INFO  o.e.m.c.i.embedder.EclipseLogger - skip non existing resourceDirectory J:\Projetos\Java-consumindo-API-gravando-arquivos-e-lidando-com-erros\2944-java-screenmatch-consumindo-webservice-main\src\test\resources
2025-02-02 13:38:56,769 [Worker-35: Launching PrincipalComBuscas] WARN  o.e.m.c.i.embedder.EclipseLogger - Using platform encoding (UTF-8 actually) to copy filtered resources, i.e. build is platform dependent!
2025-02-02 13:38:56,771 [Worker-35: Launching PrincipalComBuscas] INFO  o.e.m.c.i.embedder.EclipseLogger - skip non existing resourceDirectory J:\Projetos\Java-consumindo-API-gravando-arquivos-e-lidando-com-erros\2944-java-screenmatch-consumindo-webservice-main\src\main\resources
2025-02-02 13:38:56,775 [Worker-35: Launching PrincipalComBuscas] WARN  o.e.m.c.i.embedder.EclipseLogger - Using platform encoding (UTF-8 actually) to copy filtered resources, i.e. build is platform dependent!
2025-02-02 13:38:56,778 [Worker-35: Launching PrincipalComBuscas] INFO  o.e.m.c.i.embedder.EclipseLogger - skip non existing resourceDirectory J:\Projetos\Java-consumindo-API-gravando-arquivos-e-lidando-com-erros\2944-java-screenmatch-consumindo-webservice-main\src\test\resources
2025-02-02 13:39:16,272 [Worker-35: Launching PrincipalComBuscas] WARN  o.e.m.c.i.embedder.EclipseLogger - Using platform encoding (UTF-8 actually) to copy filtered resources, i.e. build is platform dependent!
2025-02-02 13:39:16,273 [Worker-35: Launching PrincipalComBuscas] INFO  o.e.m.c.i.embedder.EclipseLogger - skip non existing resourceDirectory J:\Projetos\Java-consumindo-API-gravando-arquivos-e-lidando-com-erros\2944-java-screenmatch-consumindo-webservice-main\src\main\resources
2025-02-02 13:39:16,280 [Worker-35: Launching PrincipalComBuscas] WARN  o.e.m.c.i.embedder.EclipseLogger - Using platform encoding (UTF-8 actually) to copy filtered resources, i.e. build is platform dependent!
2025-02-02 13:39:16,282 [Worker-35: Launching PrincipalComBuscas] INFO  o.e.m.c.i.embedder.EclipseLogger - skip non existing resourceDirectory J:\Projetos\Java-consumindo-API-gravando-arquivos-e-lidando-com-erros\2944-java-screenmatch-consumindo-webservice-main\src\test\resources
2025-02-02 13:54:16,466 [Worker-43: Launching PrincipalComBuscas] WARN  o.e.m.c.i.embedder.EclipseLogger - Using platform encoding (UTF-8 actually) to copy filtered resources, i.e. build is platform dependent!
2025-02-02 13:54:16,468 [Worker-43: Launching PrincipalComBuscas] INFO  o.e.m.c.i.embedder.EclipseLogger - skip non existing resourceDirectory J:\Projetos\Java-consumindo-API-gravando-arquivos-e-lidando-com-erros\2944-java-screenmatch-consumindo-webservice-main\src\main\resources
2025-02-02 13:54:16,472 [Worker-43: Launching PrincipalComBuscas] WARN  o.e.m.c.i.embedder.EclipseLogger - Using platform encoding (UTF-8 actually) to copy filtered resources, i.e. build is platform dependent!
2025-02-02 13:54:16,473 [Worker-43: Launching PrincipalComBuscas] INFO  o.e.m.c.i.embedder.EclipseLogger - skip non existing resourceDirectory J:\Projetos\Java-consumindo-API-gravando-arquivos-e-lidando-com-erros\2944-java-screenmatch-consumindo-webservice-main\src\test\resources
2025-02-02 13:55:40,032 [Worker-46: Launching PrincipalComBuscas] WARN  o.e.m.c.i.embedder.EclipseLogger - Using platform encoding (UTF-8 actually) to copy filtered resources, i.e. build is platform dependent!
2025-02-02 13:55:40,033 [Worker-46: Launching PrincipalComBuscas] INFO  o.e.m.c.i.embedder.EclipseLogger - skip non existing resourceDirectory J:\Projetos\Java-consumindo-API-gravando-arquivos-e-lidando-com-erros\2944-java-screenmatch-consumindo-webservice-main\src\main\resources
2025-02-02 13:55:40,036 [Worker-46: Launching PrincipalComBuscas] WARN  o.e.m.c.i.embedder.EclipseLogger - Using platform encoding (UTF-8 actually) to copy filtered resources, i.e. build is platform dependent!
2025-02-02 13:55:40,037 [Worker-46: Launching PrincipalComBuscas] INFO  o.e.m.c.i.embedder.EclipseLogger - skip non existing resourceDirectory J:\Projetos\Java-consumindo-API-gravando-arquivos-e-lidando-com-erros\2944-java-screenmatch-consumindo-webservice-main\src\test\resources
2025-02-02 13:56:45,644 [Worker-44: Launching PrincipalComBuscas] WARN  o.e.m.c.i.embedder.EclipseLogger - Using platform encoding (UTF-8 actually) to copy filtered resources, i.e. build is platform dependent!
2025-02-02 13:56:45,646 [Worker-44: Launching PrincipalComBuscas] INFO  o.e.m.c.i.embedder.EclipseLogger - skip non existing resourceDirectory J:\Projetos\Java-consumindo-API-gravando-arquivos-e-lidando-com-erros\2944-java-screenmatch-consumindo-webservice-main\src\main\resources
2025-02-02 13:56:45,651 [Worker-44: Launching PrincipalComBuscas] WARN  o.e.m.c.i.embedder.EclipseLogger - Using platform encoding (UTF-8 actually) to copy filtered resources, i.e. build is platform dependent!
2025-02-02 13:56:45,651 [Worker-44: Launching PrincipalComBuscas] INFO  o.e.m.c.i.embedder.EclipseLogger - skip non existing resourceDirectory J:\Projetos\Java-consumindo-API-gravando-arquivos-e-lidando-com-erros\2944-java-screenmatch-consumindo-webservice-main\src\test\resources
2025-02-02 14:06:36,419 [Worker-42: Launching PrincipalComBuscas] WARN  o.e.m.c.i.embedder.EclipseLogger - Using platform encoding (UTF-8 actually) to copy filtered resources, i.e. build is platform dependent!
2025-02-02 14:06:36,420 [Worker-42: Launching PrincipalComBuscas] INFO  o.e.m.c.i.embedder.EclipseLogger - skip non existing resourceDirectory J:\Projetos\Java-consumindo-API-gravando-arquivos-e-lidando-com-erros\2944-java-screenmatch-consumindo-webservice-main\src\main\resources
2025-02-02 14:06:36,423 [Worker-42: Launching PrincipalComBuscas] WARN  o.e.m.c.i.embedder.EclipseLogger - Using platform encoding (UTF-8 actually) to copy filtered resources, i.e. build is platform dependent!
2025-02-02 14:06:36,424 [Worker-42: Launching PrincipalComBuscas] INFO  o.e.m.c.i.embedder.EclipseLogger - skip non existing resourceDirectory J:\Projetos\Java-consumindo-API-gravando-arquivos-e-lidando-com-erros\2944-java-screenmatch-consumindo-webservice-main\src\test\resources
2025-02-02 14:07:48,028 [Worker-42: Launching PrincipalComBuscas] WARN  o.e.m.c.i.embedder.EclipseLogger - Using platform encoding (UTF-8 actually) to copy filtered resources, i.e. build is platform dependent!
2025-02-02 14:07:48,032 [Worker-42: Launching PrincipalComBuscas] INFO  o.e.m.c.i.embedder.EclipseLogger - skip non existing resourceDirectory J:\Projetos\Java-consumindo-API-gravando-arquivos-e-lidando-com-erros\2944-java-screenmatch-consumindo-webservice-main\src\main\resources
2025-02-02 14:07:48,039 [Worker-42: Launching PrincipalComBuscas] WARN  o.e.m.c.i.embedder.EclipseLogger - Using platform encoding (UTF-8 actually) to copy filtered resources, i.e. build is platform dependent!
2025-02-02 14:07:48,040 [Worker-42: Launching PrincipalComBuscas] INFO  o.e.m.c.i.embedder.EclipseLogger - skip non existing resourceDirectory J:\Projetos\Java-consumindo-API-gravando-arquivos-e-lidando-com-erros\2944-java-screenmatch-consumindo-webservice-main\src\test\resources
2025-02-02 14:08:53,894 [Worker-49: Launching PrincipalComBuscas] WARN  o.e.m.c.i.embedder.EclipseLogger - Using platform encoding (UTF-8 actually) to copy filtered resources, i.e. build is platform dependent!
2025-02-02 14:08:53,895 [Worker-49: Launching PrincipalComBuscas] INFO  o.e.m.c.i.embedder.EclipseLogger - skip non existing resourceDirectory J:\Projetos\Java-consumindo-API-gravando-arquivos-e-lidando-com-erros\2944-java-screenmatch-consumindo-webservice-main\src\main\resources
2025-02-02 14:08:53,899 [Worker-49: Launching PrincipalComBuscas] WARN  o.e.m.c.i.embedder.EclipseLogger - Using platform encoding (UTF-8 actually) to copy filtered resources, i.e. build is platform dependent!
2025-02-02 14:08:53,903 [Worker-49: Launching PrincipalComBuscas] INFO  o.e.m.c.i.embedder.EclipseLogger - skip non existing resourceDirectory J:\Projetos\Java-consumindo-API-gravando-arquivos-e-lidando-com-erros\2944-java-screenmatch-consumindo-webservice-main\src\test\resources
2025-02-02 14:36:44,711 [Worker-53: Launching PrincipalComBuscas] WARN  o.e.m.c.i.embedder.EclipseLogger - Using platform encoding (UTF-8 actually) to copy filtered resources, i.e. build is platform dependent!
2025-02-02 14:36:44,712 [Worker-53: Launching PrincipalComBuscas] INFO  o.e.m.c.i.embedder.EclipseLogger - skip non existing resourceDirectory J:\Projetos\Java-consumindo-API-gravando-arquivos-e-lidando-com-erros\2944-java-screenmatch-consumindo-webservice-main\src\main\resources
2025-02-02 14:36:44,715 [Worker-53: Launching PrincipalComBuscas] WARN  o.e.m.c.i.embedder.EclipseLogger - Using platform encoding (UTF-8 actually) to copy filtered resources, i.e. build is platform dependent!
2025-02-02 14:36:44,715 [Worker-53: Launching PrincipalComBuscas] INFO  o.e.m.c.i.embedder.EclipseLogger - skip non existing resourceDirectory J:\Projetos\Java-consumindo-API-gravando-arquivos-e-lidando-com-erros\2944-java-screenmatch-consumindo-webservice-main\src\test\resources
2025-02-02 14:47:38,689 [Worker-52: Launching PrincipalComBuscas] WARN  o.e.m.c.i.embedder.EclipseLogger - Using platform encoding (UTF-8 actually) to copy filtered resources, i.e. build is platform dependent!
2025-02-02 14:47:38,690 [Worker-52: Launching PrincipalComBuscas] INFO  o.e.m.c.i.embedder.EclipseLogger - skip non existing resourceDirectory J:\Projetos\Java-consumindo-API-gravando-arquivos-e-lidando-com-erros\2944-java-screenmatch-consumindo-webservice-main\src\main\resources
2025-02-02 14:47:38,696 [Worker-52: Launching PrincipalComBuscas] WARN  o.e.m.c.i.embedder.EclipseLogger - Using platform encoding (UTF-8 actually) to copy filtered resources, i.e. build is platform dependent!
2025-02-02 14:47:38,698 [Worker-52: Launching PrincipalComBuscas] INFO  o.e.m.c.i.embedder.EclipseLogger - skip non existing resourceDirectory J:\Projetos\Java-consumindo-API-gravando-arquivos-e-lidando-com-erros\2944-java-screenmatch-consumindo-webservice-main\src\test\resources
2025-02-02 14:49:01,144 [Worker-59: Launching PrincipalComBuscas] WARN  o.e.m.c.i.embedder.EclipseLogger - Using platform encoding (UTF-8 actually) to copy filtered resources, i.e. build is platform dependent!
2025-02-02 14:49:01,146 [Worker-59: Launching PrincipalComBuscas] INFO  o.e.m.c.i.embedder.EclipseLogger - skip non existing resourceDirectory J:\Projetos\Java-consumindo-API-gravando-arquivos-e-lidando-com-erros\2944-java-screenmatch-consumindo-webservice-main\src\main\resources
2025-02-02 14:49:01,151 [Worker-59: Launching PrincipalComBuscas] WARN  o.e.m.c.i.embedder.EclipseLogger - Using platform encoding (UTF-8 actually) to copy filtered resources, i.e. build is platform dependent!
2025-02-02 14:49:01,152 [Worker-59: Launching PrincipalComBuscas] INFO  o.e.m.c.i.embedder.EclipseLogger - skip non existing resourceDirectory J:\Projetos\Java-consumindo-API-gravando-arquivos-e-lidando-com-erros\2944-java-screenmatch-consumindo-webservice-main\src\test\resources
2025-02-02 14:50:58,158 [Worker-58: Launching PrincipalComBuscas] WARN  o.e.m.c.i.embedder.EclipseLogger - Using platform encoding (UTF-8 actually) to copy filtered resources, i.e. build is platform dependent!
2025-02-02 14:50:58,159 [Worker-58: Launching PrincipalComBuscas] INFO  o.e.m.c.i.embedder.EclipseLogger - skip non existing resourceDirectory J:\Projetos\Java-consumindo-API-gravando-arquivos-e-lidando-com-erros\2944-java-screenmatch-consumindo-webservice-main\src\main\resources
2025-02-02 14:50:58,163 [Worker-58: Launching PrincipalComBuscas] WARN  o.e.m.c.i.embedder.EclipseLogger - Using platform encoding (UTF-8 actually) to copy filtered resources, i.e. build is platform dependent!
2025-02-02 14:50:58,165 [Worker-58: Launching PrincipalComBuscas] INFO  o.e.m.c.i.embedder.EclipseLogger - skip non existing resourceDirectory J:\Projetos\Java-consumindo-API-gravando-arquivos-e-lidando-com-erros\2944-java-screenmatch-consumindo-webservice-main\src\test\resources
2025-02-02 14:52:03,062 [Worker-54: Launching PrincipalComBuscas] WARN  o.e.m.c.i.embedder.EclipseLogger - Using platform encoding (UTF-8 actually) to copy filtered resources, i.e. build is platform dependent!
2025-02-02 14:52:03,063 [Worker-54: Launching PrincipalComBuscas] INFO  o.e.m.c.i.embedder.EclipseLogger - skip non existing resourceDirectory J:\Projetos\Java-consumindo-API-gravando-arquivos-e-lidando-com-erros\2944-java-screenmatch-consumindo-webservice-main\src\main\resources
2025-02-02 14:52:03,066 [Worker-54: Launching PrincipalComBuscas] WARN  o.e.m.c.i.embedder.EclipseLogger - Using platform encoding (UTF-8 actually) to copy filtered resources, i.e. build is platform dependent!
2025-02-02 14:52:03,066 [Worker-54: Launching PrincipalComBuscas] INFO  o.e.m.c.i.embedder.EclipseLogger - skip non existing resourceDirectory J:\Projetos\Java-consumindo-API-gravando-arquivos-e-lidando-com-erros\2944-java-screenmatch-consumindo-webservice-main\src\test\resources
2025-02-02 14:57:27,086 [Worker-59: Launching PrincipalComBuscas] WARN  o.e.m.c.i.embedder.EclipseLogger - Using platform encoding (UTF-8 actually) to copy filtered resources, i.e. build is platform dependent!
2025-02-02 14:57:27,089 [Worker-59: Launching PrincipalComBuscas] INFO  o.e.m.c.i.embedder.EclipseLogger - skip non existing resourceDirectory J:\Projetos\Java-consumindo-API-gravando-arquivos-e-lidando-com-erros\2944-java-screenmatch-consumindo-webservice-main\src\main\resources
2025-02-02 14:57:27,094 [Worker-59: Launching PrincipalComBuscas] WARN  o.e.m.c.i.embedder.EclipseLogger - Using platform encoding (UTF-8 actually) to copy filtered resources, i.e. build is platform dependent!
2025-02-02 14:57:27,095 [Worker-59: Launching PrincipalComBuscas] INFO  o.e.m.c.i.embedder.EclipseLogger - skip non existing resourceDirectory J:\Projetos\Java-consumindo-API-gravando-arquivos-e-lidando-com-erros\2944-java-screenmatch-consumindo-webservice-main\src\test\resources
2025-02-02 15:00:11,176 [Worker-64: Launching PrincipalComBuscas] WARN  o.e.m.c.i.embedder.EclipseLogger - Using platform encoding (UTF-8 actually) to copy filtered resources, i.e. build is platform dependent!
2025-02-02 15:00:11,179 [Worker-64: Launching PrincipalComBuscas] INFO  o.e.m.c.i.embedder.EclipseLogger - skip non existing resourceDirectory J:\Projetos\Java-consumindo-API-gravando-arquivos-e-lidando-com-erros\2944-java-screenmatch-consumindo-webservice-main\src\main\resources
2025-02-02 15:00:11,183 [Worker-64: Launching PrincipalComBuscas] WARN  o.e.m.c.i.embedder.EclipseLogger - Using platform encoding (UTF-8 actually) to copy filtered resources, i.e. build is platform dependent!
2025-02-02 15:00:11,185 [Worker-64: Launching PrincipalComBuscas] INFO  o.e.m.c.i.embedder.EclipseLogger - skip non existing resourceDirectory J:\Projetos\Java-consumindo-API-gravando-arquivos-e-lidando-com-erros\2944-java-screenmatch-consumindo-webservice-main\src\test\resources
